<?xml version="1.0" encoding="UTF-8"?>
<!-- Generated by org.testng.reporters.JUnitReportReporter -->
<testsuite hostname="LP-HYD-85009868" failures="0" tests="3" name="com.DataProvider.DataProviderTestNG" time="34.117" errors="0" timestamp="2026-06-13T10:46:45 IST" skipped="0">
  <testcase classname="com.DataProvider.DataProviderTestNG" name="Browser" time="12.179"/>
  <testcase classname="com.DataProvider.DataProviderTestNG" name="Browser" time="10.748"/>
  <testcase classname="com.DataProvider.DataProviderTestNG" name="Browser" time="11.190"/>
</testsuite> <!-- com.DataProvider.DataProviderTestNG -->
