<?xml version="1.0" encoding="UTF-8"?>
<!-- Generated by org.testng.reporters.JUnitXMLReporter -->
<testsuite ignored="0" hostname="LP-HYD-85009868" failures="0" tests="3" name="Default test" time="34.356" errors="0" timestamp="2026-06-13T10:46:45 IST">
  <testcase classname="com.DataProvider.DataProviderTestNG" name="Browser" time="11.76"/>
  <testcase classname="com.DataProvider.DataProviderTestNG" name="Browser" time="10.339"/>
  <testcase classname="com.DataProvider.DataProviderTestNG" name="Browser" time="10.638"/>
</testsuite> <!-- Default test -->
