<?xml version="1.0" encoding="UTF-8"?>
<testng-results ignored="0" total="1" passed="1" failed="0" skipped="0">
  <reporter-output>
  </reporter-output>
  <suite started-at="2026-06-13T09:54:55 IST" name="Default suite" finished-at="2026-06-13T09:55:08 IST" duration-ms="12648">
    <groups>
    </groups>
    <test started-at="2026-06-13T09:54:55 IST" name="Default test" finished-at="2026-06-13T09:55:08 IST" duration-ms="12648">
      <class name="com.assignment.CaseStudy2">
        <test-method is-config="true" signature="setUp()[pri:0, instance:com.assignment.CaseStudy2@1a677343]" started-at="2026-06-13T09:54:55 IST" name="setUp" finished-at="2026-06-13T09:55:04 IST" duration-ms="8378" status="PASS">
          <reporter-output>
          </reporter-output>
        </test-method> <!-- setUp -->
        <test-method signature="case2()[pri:0, instance:com.assignment.CaseStudy2@1a677343]" started-at="2026-06-13T09:55:04 IST" name="case2" finished-at="2026-06-13T09:55:08 IST" duration-ms="3766" status="PASS">
          <reporter-output>
          </reporter-output>
        </test-method> <!-- case2 -->
        <test-method is-config="true" signature="close()[pri:0, instance:com.assignment.CaseStudy2@1a677343]" started-at="2026-06-13T09:55:08 IST" name="close" finished-at="2026-06-13T09:55:08 IST" duration-ms="449" status="PASS">
          <reporter-output>
          </reporter-output>
        </test-method> <!-- close -->
      </class> <!-- com.assignment.CaseStudy2 -->
    </test> <!-- Default test -->
  </suite> <!-- Default suite -->
</testng-results>
