<?xml version="1.0" encoding="UTF-8"?>
<testng-results ignored="0" total="1" passed="1" failed="0" skipped="0">
  <reporter-output>
  </reporter-output>
  <suite started-at="2026-06-15T10:03:49 IST" name="Default suite" finished-at="2026-06-15T10:04:06 IST" duration-ms="16799">
    <groups>
    </groups>
    <test started-at="2026-06-15T10:03:49 IST" name="Default test" finished-at="2026-06-15T10:04:06 IST" duration-ms="16799">
      <class name="com.assignment.CaseStudy13">
        <test-method is-config="true" signature="setUp()[pri:0, instance:com.assignment.CaseStudy13@15de0b3c]" started-at="2026-06-15T10:03:49 IST" name="setUp" finished-at="2026-06-15T10:03:52 IST" duration-ms="3135" status="PASS">
          <reporter-output>
          </reporter-output>
        </test-method> <!-- setUp -->
        <test-method signature="assertionTest()[pri:0, instance:com.assignment.CaseStudy13@15de0b3c]" started-at="2026-06-15T10:03:52 IST" name="assertionTest" finished-at="2026-06-15T10:04:05 IST" duration-ms="13063" status="PASS">
          <reporter-output>
          </reporter-output>
        </test-method> <!-- assertionTest -->
        <test-method is-config="true" signature="tearDown()[pri:0, instance:com.assignment.CaseStudy13@15de0b3c]" started-at="2026-06-15T10:04:05 IST" name="tearDown" finished-at="2026-06-15T10:04:06 IST" duration-ms="524" status="PASS">
          <reporter-output>
          </reporter-output>
        </test-method> <!-- tearDown -->
      </class> <!-- com.assignment.CaseStudy13 -->
    </test> <!-- Default test -->
  </suite> <!-- Default suite -->
</testng-results>
