<?xml version="1.0" encoding="UTF-8"?>
<testng-results ignored="0" total="1" passed="1" failed="0" skipped="0">
  <reporter-output>
  </reporter-output>
  <suite started-at="2026-06-15T10:35:09 IST" name="Default suite" finished-at="2026-06-15T10:35:25 IST" duration-ms="15996">
    <groups>
    </groups>
    <test started-at="2026-06-15T10:35:09 IST" name="Default test" finished-at="2026-06-15T10:35:25 IST" duration-ms="15996">
      <class name="com.RadioButton.RadioAlert">
        <test-method is-config="true" signature="setUp()[pri:0, instance:com.RadioButton.RadioAlert@74e52ef6]" started-at="2026-06-15T10:35:09 IST" name="setUp" finished-at="2026-06-15T10:35:24 IST" duration-ms="15103" status="PASS">
          <reporter-output>
          </reporter-output>
        </test-method> <!-- setUp -->
        <test-method signature="radioAlert()[pri:0, instance:com.RadioButton.RadioAlert@74e52ef6]" started-at="2026-06-15T10:35:24 IST" name="radioAlert" finished-at="2026-06-15T10:35:25 IST" duration-ms="838" status="PASS">
          <reporter-output>
          </reporter-output>
        </test-method> <!-- radioAlert -->
      </class> <!-- com.RadioButton.RadioAlert -->
    </test> <!-- Default test -->
  </suite> <!-- Default suite -->
</testng-results>
