<?xml version="1.0" encoding="UTF-8"?>
<testng-results ignored="0" total="3" passed="3" failed="0" skipped="0">
  <reporter-output>
  </reporter-output>
  <suite started-at="2026-06-13T12:09:03 IST" name="Suite" finished-at="2026-06-13T12:09:43 IST" duration-ms="39911">
    <groups>
    </groups>
    <test started-at="2026-06-13T12:09:03 IST" name="ChromeBrowser" finished-at="2026-06-13T12:09:14 IST" duration-ms="11283">
      <class name="com.ParameterTest.Parameter">
        <test-method is-config="true" signature="setup(java.lang.String)[pri:0, instance:com.ParameterTest.Parameter@4e0ae11f]" started-at="2026-06-13T12:09:03 IST" name="setup" finished-at="2026-06-13T12:09:07 IST" duration-ms="4123" status="PASS">
          <params>
            <param index="0">
              <value>
                <![CDATA[chrome]]>
              </value>
            </param>
          </params>
          <reporter-output>
          </reporter-output>
        </test-method> <!-- setup -->
        <test-method signature="BrowserTest()[pri:0, instance:com.ParameterTest.Parameter@4e0ae11f]" started-at="2026-06-13T12:09:07 IST" name="BrowserTest" finished-at="2026-06-13T12:09:14 IST" duration-ms="6597" status="PASS">
          <reporter-output>
          </reporter-output>
        </test-method> <!-- BrowserTest -->
        <test-method is-config="true" signature="tearDown()[pri:0, instance:com.ParameterTest.Parameter@4e0ae11f]" started-at="2026-06-13T12:09:14 IST" name="tearDown" finished-at="2026-06-13T12:09:14 IST" duration-ms="403" status="PASS">
          <reporter-output>
          </reporter-output>
        </test-method> <!-- tearDown -->
      </class> <!-- com.ParameterTest.Parameter -->
    </test> <!-- ChromeBrowser -->
    <test started-at="2026-06-13T12:09:03 IST" name="EdgeBrowser" finished-at="2026-06-13T12:09:16 IST" duration-ms="12801">
      <class name="com.ParameterTest.Parameter">
        <test-method is-config="true" signature="setup(java.lang.String)[pri:0, instance:com.ParameterTest.Parameter@4b2c5e02]" started-at="2026-06-13T12:09:03 IST" name="setup" finished-at="2026-06-13T12:09:10 IST" duration-ms="7081" status="PASS">
          <params>
            <param index="0">
              <value>
                <![CDATA[edge]]>
              </value>
            </param>
          </params>
          <reporter-output>
          </reporter-output>
        </test-method> <!-- setup -->
        <test-method signature="BrowserTest()[pri:0, instance:com.ParameterTest.Parameter@4b2c5e02]" started-at="2026-06-13T12:09:10 IST" name="BrowserTest" finished-at="2026-06-13T12:09:15 IST" duration-ms="5306" status="PASS">
          <reporter-output>
          </reporter-output>
        </test-method> <!-- BrowserTest -->
        <test-method is-config="true" signature="tearDown()[pri:0, instance:com.ParameterTest.Parameter@4b2c5e02]" started-at="2026-06-13T12:09:15 IST" name="tearDown" finished-at="2026-06-13T12:09:16 IST" duration-ms="386" status="PASS">
          <reporter-output>
          </reporter-output>
        </test-method> <!-- tearDown -->
      </class> <!-- com.ParameterTest.Parameter -->
    </test> <!-- EdgeBrowser -->
    <test started-at="2026-06-13T12:09:03 IST" name="FirefoxBrowser" finished-at="2026-06-13T12:09:43 IST" duration-ms="39911">
      <class name="com.ParameterTest.Parameter">
        <test-method is-config="true" signature="setup(java.lang.String)[pri:0, instance:com.ParameterTest.Parameter@75c56eb9]" started-at="2026-06-13T12:09:03 IST" name="setup" finished-at="2026-06-13T12:09:37 IST" duration-ms="33946" status="PASS">
          <params>
            <param index="0">
              <value>
                <![CDATA[firefox]]>
              </value>
            </param>
          </params>
          <reporter-output>
          </reporter-output>
        </test-method> <!-- setup -->
        <test-method signature="BrowserTest()[pri:0, instance:com.ParameterTest.Parameter@75c56eb9]" started-at="2026-06-13T12:09:37 IST" name="BrowserTest" finished-at="2026-06-13T12:09:42 IST" duration-ms="4688" status="PASS">
          <reporter-output>
          </reporter-output>
        </test-method> <!-- BrowserTest -->
        <test-method is-config="true" signature="tearDown()[pri:0, instance:com.ParameterTest.Parameter@75c56eb9]" started-at="2026-06-13T12:09:42 IST" name="tearDown" finished-at="2026-06-13T12:09:43 IST" duration-ms="1259" status="PASS">
          <reporter-output>
          </reporter-output>
        </test-method> <!-- tearDown -->
      </class> <!-- com.ParameterTest.Parameter -->
    </test> <!-- FirefoxBrowser -->
  </suite> <!-- Suite -->
</testng-results>
