<?xml version="1.0" encoding="UTF-8"?>
<!-- Generated by org.testng.reporters.JUnitReportReporter -->
<testsuite hostname="LP-HYD-85009868" failures="0" tests="3" name="com.ParameterTest.Parameter" time="16.591" errors="0" timestamp="2026-06-13T12:09:43 IST" skipped="0">
  <testcase classname="com.ParameterTest.Parameter" name="BrowserTest" time="6.597"/>
  <testcase classname="com.ParameterTest.Parameter" name="BrowserTest" time="5.306"/>
  <testcase classname="com.ParameterTest.Parameter" name="BrowserTest" time="4.688"/>
</testsuite> <!-- com.ParameterTest.Parameter -->
